<?xml version="1.0" encoding="UTF-8"?>
<testsuite xmlns:xsi="http://www.w3.org/2001/XMLSchema-instance" xsi:noNamespaceSchemaLocation="https://maven.apache.org/surefire/maven-surefire-plugin/xsd/surefire-test-report-3.0.xsd" version="3.0" name="com.quarks.commerce.InventoryServiceImplTest" time="0.237" tests="3" errors="0" skipped="0" failures="0">
  <properties>
[...]
</properties>
  <testcase name="testReserveNotEnoughStock" classname="com.quarks.commerce.InventoryServiceImplTest" time="0.011">
    <system-out><![CDATA[2025-07-02T23:59:43.277+05:30  INFO 20460 --- [           main] t.c.s.AnnotationConfigContextLoaderUtils : Could not detect default configuration classes for test class [com.quarks.commerce.InventoryServiceImplTest]: InventoryServiceImplTest does not declare any static, non-private, non-final, nested classes annotated with @Configuration.
2025-07-02T23:59:43.278+05:30  INFO 20460 --- [           main] .b.t.c.SpringBootTestContextBootstrapper : Found @SpringBootConfiguration com.quarks.commerce.QuarksCommerceApplication for test class com.quarks.commerce.InventoryServiceImplTest

  .   ____          _            __ _ _
 /\\ / ___'_ __ _ _(_)_ __  __ _ \ \ \ \
( ( )\___ | '_ | '_| | '_ \/ _` | \ \ \ \
 \\/  ___)| |_)| | | | | || (_| |  ) ) ) )
  '  |____| .__|_| |_|_| |_\__, | / / / /
 =========|_|==============|___/=/_/_/_/
 :: Spring Boot ::                (v3.2.6)

2025-07-02T23:59:43.289+05:30  INFO 20460 --- [           main] c.q.commerce.InventoryServiceImplTest    : Starting InventoryServiceImplTest using Java 17.0.15 with PID 20460 (started by akshatsachan in /Users/akshatsachan/Desktop/Akshat/Quarks-Commerce/quarks-commerce)
2025-07-02T23:59:43.289+05:30  INFO 20460 --- [           main] c.q.commerce.InventoryServiceImplTest    : No active profile set, falling back to 1 default profile: "default"
2025-07-02T23:59:43.333+05:30  INFO 20460 --- [           main] .s.d.r.c.RepositoryConfigurationDelegate : Multiple Spring Data modules found, entering strict repository configuration mode
2025-07-02T23:59:43.333+05:30  INFO 20460 --- [           main] .s.d.r.c.RepositoryConfigurationDelegate : Bootstrapping Spring Data JPA repositories in DEFAULT mode.
2025-07-02T23:59:43.336+05:30  INFO 20460 --- [           main] .s.d.r.c.RepositoryConfigurationDelegate : Finished Spring Data repository scanning in 3 ms. Found 4 JPA repository interfaces.
2025-07-02T23:59:43.337+05:30  INFO 20460 --- [           main] .s.d.r.c.RepositoryConfigurationDelegate : Multiple Spring Data modules found, entering strict repository configuration mode
2025-07-02T23:59:43.337+05:30  INFO 20460 --- [           main] .s.d.r.c.RepositoryConfigurationDelegate : Bootstrapping Spring Data Redis repositories in DEFAULT mode.
2025-07-02T23:59:43.338+05:30  INFO 20460 --- [           main] .RepositoryConfigurationExtensionSupport : Spring Data Redis - Could not safely identify store assignment for repository candidate interface com.quarks.commerce.repository.InventoryRepository; If you want this repository to be a Redis repository, consider annotating your entities with one of these annotations: org.springframework.data.redis.core.RedisHash (preferred), or consider extending one of the following types with your repository: org.springframework.data.keyvalue.repository.KeyValueRepository
2025-07-02T23:59:43.338+05:30  INFO 20460 --- [           main] .RepositoryConfigurationExtensionSupport : Spring Data Redis - Could not safely identify store assignment for repository candidate interface com.quarks.commerce.repository.ItemRepository; If you want this repository to be a Redis repository, consider annotating your entities with one of these annotations: org.springframework.data.redis.core.RedisHash (preferred), or consider extending one of the following types with your repository: org.springframework.data.keyvalue.repository.KeyValueRepository
2025-07-02T23:59:43.338+05:30  INFO 20460 --- [           main] .RepositoryConfigurationExtensionSupport : Spring Data Redis - Could not safely identify store assignment for repository candidate interface com.quarks.commerce.repository.ReservationRepository; If you want this repository to be a Redis repository, consider annotating your entities with one of these annotations: org.springframework.data.redis.core.RedisHash (preferred), or consider extending one of the following types with your repository: org.springframework.data.keyvalue.repository.KeyValueRepository
2025-07-02T23:59:43.338+05:30  INFO 20460 --- [           main] .RepositoryConfigurationExtensionSupport : Spring Data Redis - Could not safely identify store assignment for repository candidate interface com.quarks.commerce.repository.UserRepository; If you want this repository to be a Redis repository, consider annotating your entities with one of these annotations: org.springframework.data.redis.core.RedisHash (preferred), or consider extending one of the following types with your repository: org.springframework.data.keyvalue.repository.KeyValueRepository
2025-07-02T23:59:43.338+05:30  INFO 20460 --- [           main] .s.d.r.c.RepositoryConfigurationDelegate : Finished Spring Data repository scanning in 1 ms. Found 0 Redis repository interfaces.
2025-07-02T23:59:43.364+05:30  INFO 20460 --- [           main] o.hibernate.jpa.internal.util.LogHelper  : HHH000204: Processing PersistenceUnitInfo [name: default]
2025-07-02T23:59:43.365+05:30  INFO 20460 --- [           main] o.h.c.internal.RegionFactoryInitiator    : HHH000026: Second-level cache disabled
2025-07-02T23:59:43.366+05:30  INFO 20460 --- [           main] o.s.o.j.p.SpringPersistenceUnitInfo      : No LoadTimeWeaver setup: ignoring JPA class transformer
2025-07-02T23:59:43.366+05:30  INFO 20460 --- [           main] com.zaxxer.hikari.HikariDataSource       : HikariPool-2 - Starting...
2025-07-02T23:59:43.370+05:30  INFO 20460 --- [           main] com.zaxxer.hikari.pool.HikariPool        : HikariPool-2 - Added connection org.postgresql.jdbc.PgConnection@726e780a
2025-07-02T23:59:43.370+05:30  INFO 20460 --- [           main] com.zaxxer.hikari.HikariDataSource       : HikariPool-2 - Start completed.
2025-07-02T23:59:43.397+05:30  INFO 20460 --- [           main] o.h.e.t.j.p.i.JtaPlatformInitiator       : HHH000489: No JTA platform available (set 'hibernate.transaction.jta.platform' to enable JTA platform integration)
2025-07-02T23:59:43.425+05:30  INFO 20460 --- [           main] j.LocalContainerEntityManagerFactoryBean : Initialized JPA EntityManagerFactory for persistence unit 'default'
2025-07-02T23:59:43.451+05:30  WARN 20460 --- [           main] JpaBaseConfiguration$JpaWebConfiguration : spring.jpa.open-in-view is enabled by default. Therefore, database queries may be performed during view rendering. Explicitly configure spring.jpa.open-in-view to disable this warning
2025-07-02T23:59:43.483+05:30  INFO 20460 --- [           main] c.q.commerce.InventoryServiceImplTest    : Started InventoryServiceImplTest in 0.202 seconds (process running for 2.589)
Hibernate: 
    insert 
    into
        item
        (description, name, price) 
    values
        (?, ?, ?)
Hibernate: 
    insert 
    into
        inventory
        (item_id, quantity) 
    values
        (?, ?)
Hibernate: 
    select
        count(*) 
    from
        users u1_0 
    where
        u1_0.id=?
Hibernate: 
    select
        i1_0.id,
        i1_0.item_id,
        i1_0.quantity 
    from
        inventory i1_0 
    where
        i1_0.item_id=?
]]></system-out>
  </testcase>
  <testcase name="testReserveAndCancel" classname="com.quarks.commerce.InventoryServiceImplTest" time="0.011">
    <system-out><![CDATA[Hibernate: 
    insert 
    into
        item
        (description, name, price) 
    values
        (?, ?, ?)
Hibernate: 
    insert 
    into
        inventory
        (item_id, quantity) 
    values
        (?, ?)
Hibernate: 
    select
        count(*) 
    from
        users u1_0 
    where
        u1_0.id=?
Hibernate: 
    select
        i1_0.id,
        i1_0.item_id,
        i1_0.quantity 
    from
        inventory i1_0 
    where
        i1_0.item_id=?
Hibernate: 
    insert 
    into
        reservation
        (created_at, item_id, reserved_quantity, status, user_id) 
    values
        (?, ?, ?, ?, ?)
Hibernate: 
    select
        count(*) 
    from
        users u1_0 
    where
        u1_0.id=?
Hibernate: 
    update
        inventory 
    set
        item_id=?,
        quantity=? 
    where
        id=?
Hibernate: 
    update
        reservation 
    set
        created_at=?,
        item_id=?,
        reserved_quantity=?,
        status=?,
        user_id=? 
    where
        id=?
Hibernate: 
    select
        i1_0.id,
        i1_0.item_id,
        i1_0.quantity 
    from
        inventory i1_0 
    where
        i1_0.item_id=?
]]></system-out>
  </testcase>
  <testcase name="testCreateSupplyAndGetAvailability" classname="com.quarks.commerce.InventoryServiceImplTest" time="0.003">
    <system-out><![CDATA[Hibernate: 
    insert 
    into
        item
        (description, name, price) 
    values
        (?, ?, ?)
Hibernate: 
    insert 
    into
        inventory
        (item_id, quantity) 
    values
        (?, ?)
Hibernate: 
    select
        i1_0.id,
        i1_0.item_id,
        i1_0.quantity 
    from
        inventory i1_0 
    where
        i1_0.item_id=?
]]></system-out>
  </testcase>
</testsuite>